Performing C SOURCE FILE Test CMAKE_HAVE_LIBC_PTHREAD failed with the following output:
Change Dir: /home/karan/catkin_ws/build_isolated/realsense2_description/CMakeFiles/CMakeTmp

Run Build Command(s):/usr/bin/ninja cmTC_0a521 && [1/2] Building C object CMakeFiles/cmTC_0a521.dir/src.c.o
[2/2] Linking C executable cmTC_0a521
FAILED: cmTC_0a521 
: && /usr/bin/cc -DCMAKE_HAVE_LIBC_PTHREAD -rdynamic CMakeFiles/cmTC_0a521.dir/src.c.o -o cmTC_0a521   && :
CMakeFiles/cmTC_0a521.dir/src.c.o: In function `main':
src.c:(.text+0x48): undefined reference to `pthread_create'
src.c:(.text+0x50): undefined reference to `pthread_detach'
src.c:(.text+0x58): undefined reference to `pthread_cancel'
src.c:(.text+0x64): undefined reference to `pthread_join'
src.c:(.text+0x74): undefined reference to `pthread_atfork'
collect2: error: ld returned 1 exit status
ninja: build stopped: subcommand failed.


Source file was:
#include <pthread.h>

void* test_func(void* data)
{
  return data;
}

int main(void)
{
  pthread_t thread;
  pthread_create(&thread, NULL, test_func, NULL);
  pthread_detach(thread);
  pthread_cancel(thread);
  pthread_join(thread, NULL);
  pthread_atfork(NULL, NULL, NULL);
  pthread_exit(NULL);

  return 0;
}

Determining if the function pthread_create exists in the pthreads failed with the following output:
Change Dir: /home/karan/catkin_ws/build_isolated/realsense2_description/CMakeFiles/CMakeTmp

Run Build Command(s):/usr/bin/ninja cmTC_27951 && [1/2] Building C object CMakeFiles/cmTC_27951.dir/CheckFunctionExists.c.o
[2/2] Linking C executable cmTC_27951
FAILED: cmTC_27951 
: && /usr/bin/cc -DCHECK_FUNCTION_EXISTS=pthread_create -rdynamic CMakeFiles/cmTC_27951.dir/CheckFunctionExists.c.o -o cmTC_27951  -lpthreads && :
/usr/bin/ld: cannot find -lpthreads
collect2: error: ld returned 1 exit status
ninja: build stopped: subcommand failed.



